  Source.cpp
D:\VisualStudio\Files\Tennis\renderer.cpp(38,27): warning C4244: '+=': conversion from 'double' to 'float', possible loss of data
  (compiling source file 'Source.cpp')
  
D:\VisualStudio\Files\Tennis\renderer.cpp(39,27): warning C4244: '+=': conversion from 'double' to 'float', possible loss of data
  (compiling source file 'Source.cpp')
  
D:\VisualStudio\Files\Tennis\renderer.cpp(41,27): warning C4244: 'argument': conversion from 'float' to 'int', possible loss of data
  (compiling source file 'Source.cpp')
  
D:\VisualStudio\Files\Tennis\renderer.cpp(42,27): warning C4244: 'argument': conversion from 'float' to 'int', possible loss of data
  (compiling source file 'Source.cpp')
  
D:\VisualStudio\Files\Tennis\renderer.cpp(43,27): warning C4244: 'argument': conversion from 'float' to 'int', possible loss of data
  (compiling source file 'Source.cpp')
  
D:\VisualStudio\Files\Tennis\renderer.cpp(44,27): warning C4244: 'argument': conversion from 'float' to 'int', possible loss of data
  (compiling source file 'Source.cpp')
  
D:\VisualStudio\Files\Tennis\game_engine.cpp(23,40): warning C4244: 'argument': conversion from 'int' to 'float', possible loss of data
  (compiling source file 'Source.cpp')
  
D:\VisualStudio\Files\Tennis\game_engine.cpp(23,37): warning C4244: 'argument': conversion from 'int' to 'float', possible loss of data
  (compiling source file 'Source.cpp')
  
D:\VisualStudio\Files\Tennis\game_engine.cpp(23,29): warning C4244: 'argument': conversion from 'int' to 'float', possible loss of data
  (compiling source file 'Source.cpp')
  
D:\VisualStudio\Files\Tennis\game_engine.cpp(24,40): warning C4244: 'argument': conversion from 'int' to 'float', possible loss of data
  (compiling source file 'Source.cpp')
  
D:\VisualStudio\Files\Tennis\game_engine.cpp(24,37): warning C4244: 'argument': conversion from 'int' to 'float', possible loss of data
  (compiling source file 'Source.cpp')
  
D:\VisualStudio\Files\Tennis\game_engine.cpp(24,29): warning C4244: 'argument': conversion from 'int' to 'float', possible loss of data
  (compiling source file 'Source.cpp')
  
D:\VisualStudio\Files\Tennis\game_engine.cpp(25,57): warning C4244: 'argument': conversion from 'int' to 'float', possible loss of data
  (compiling source file 'Source.cpp')
  
D:\VisualStudio\Files\Tennis\game_engine.cpp(25,46): warning C4244: 'argument': conversion from 'int' to 'float', possible loss of data
  (compiling source file 'Source.cpp')
  
D:\VisualStudio\Files\Tennis\game_engine.cpp(25,27): warning C4244: 'argument': conversion from 'int' to 'float', possible loss of data
  (compiling source file 'Source.cpp')
  
D:\VisualStudio\Files\Tennis\game_engine.cpp(26,57): warning C4244: 'argument': conversion from 'int' to 'float', possible loss of data
  (compiling source file 'Source.cpp')
  
D:\VisualStudio\Files\Tennis\game_engine.cpp(26,46): warning C4244: 'argument': conversion from 'int' to 'float', possible loss of data
  (compiling source file 'Source.cpp')
  
D:\VisualStudio\Files\Tennis\game_engine.cpp(26,27): warning C4244: 'argument': conversion from 'int' to 'float', possible loss of data
  (compiling source file 'Source.cpp')
  
D:\VisualStudio\Files\Tennis\game_engine.cpp(27,27): warning C4244: '-=': conversion from 'float' to 'int', possible loss of data
  (compiling source file 'Source.cpp')
  
D:\VisualStudio\Files\Tennis\game_engine.cpp(31,40): warning C4244: 'argument': conversion from 'int' to 'float', possible loss of data
  (compiling source file 'Source.cpp')
  
D:\VisualStudio\Files\Tennis\game_engine.cpp(31,37): warning C4244: 'argument': conversion from 'int' to 'float', possible loss of data
  (compiling source file 'Source.cpp')
  
D:\VisualStudio\Files\Tennis\game_engine.cpp(31,29): warning C4244: 'argument': conversion from 'int' to 'float', possible loss of data
  (compiling source file 'Source.cpp')
  
D:\VisualStudio\Files\Tennis\game_engine.cpp(32,27): warning C4244: '-=': conversion from 'float' to 'int', possible loss of data
  (compiling source file 'Source.cpp')
  
D:\VisualStudio\Files\Tennis\game_engine.cpp(36,59): warning C4244: 'argument': conversion from 'int' to 'float', possible loss of data
  (compiling source file 'Source.cpp')
  
D:\VisualStudio\Files\Tennis\game_engine.cpp(36,27): warning C4244: 'argument': conversion from 'int' to 'float', possible loss of data
  (compiling source file 'Source.cpp')
  
D:\VisualStudio\Files\Tennis\game_engine.cpp(37,46): warning C4244: 'argument': conversion from 'int' to 'float', possible loss of data
  (compiling source file 'Source.cpp')
  
D:\VisualStudio\Files\Tennis\game_engine.cpp(37,30): warning C4244: 'argument': conversion from 'int' to 'float', possible loss of data
  (compiling source file 'Source.cpp')
  
D:\VisualStudio\Files\Tennis\game_engine.cpp(37,27): warning C4244: 'argument': conversion from 'int' to 'float', possible loss of data
  (compiling source file 'Source.cpp')
  
D:\VisualStudio\Files\Tennis\game_engine.cpp(38,59): warning C4244: 'argument': conversion from 'int' to 'float', possible loss of data
  (compiling source file 'Source.cpp')
  
D:\VisualStudio\Files\Tennis\game_engine.cpp(38,27): warning C4244: 'argument': conversion from 'int' to 'float', possible loss of data
  (compiling source file 'Source.cpp')
  
D:\VisualStudio\Files\Tennis\game_engine.cpp(39,58): warning C4244: 'argument': conversion from 'int' to 'float', possible loss of data
  (compiling source file 'Source.cpp')
  
D:\VisualStudio\Files\Tennis\game_engine.cpp(39,47): warning C4244: 'argument': conversion from 'int' to 'float', possible loss of data
  (compiling source file 'Source.cpp')
  
D:\VisualStudio\Files\Tennis\game_engine.cpp(39,39): warning C4244: 'argument': conversion from 'int' to 'float', possible loss of data
  (compiling source file 'Source.cpp')
  
D:\VisualStudio\Files\Tennis\game_engine.cpp(39,29): warning C4244: 'argument': conversion from 'int' to 'float', possible loss of data
  (compiling source file 'Source.cpp')
  
D:\VisualStudio\Files\Tennis\game_engine.cpp(40,58): warning C4244: 'argument': conversion from 'int' to 'float', possible loss of data
  (compiling source file 'Source.cpp')
  
D:\VisualStudio\Files\Tennis\game_engine.cpp(40,47): warning C4244: 'argument': conversion from 'int' to 'float', possible loss of data
  (compiling source file 'Source.cpp')
  
D:\VisualStudio\Files\Tennis\game_engine.cpp(40,39): warning C4244: 'argument': conversion from 'int' to 'float', possible loss of data
  (compiling source file 'Source.cpp')
  
D:\VisualStudio\Files\Tennis\game_engine.cpp(40,29): warning C4244: 'argument': conversion from 'int' to 'float', possible loss of data
  (compiling source file 'Source.cpp')
  
D:\VisualStudio\Files\Tennis\game_engine.cpp(41,27): warning C4244: '-=': conversion from 'float' to 'int', possible loss of data
  (compiling source file 'Source.cpp')
  
D:\VisualStudio\Files\Tennis\game_engine.cpp(45,64): warning C4244: 'argument': conversion from 'int' to 'float', possible loss of data
  (compiling source file 'Source.cpp')
  
D:\VisualStudio\Files\Tennis\game_engine.cpp(45,58): warning C4244: 'argument': conversion from 'int' to 'float', possible loss of data
  (compiling source file 'Source.cpp')
  
D:\VisualStudio\Files\Tennis\game_engine.cpp(45,29): warning C4244: 'argument': conversion from 'int' to 'float', possible loss of data
  (compiling source file 'Source.cpp')
  
D:\VisualStudio\Files\Tennis\game_engine.cpp(46,51): warning C4244: 'argument': conversion from 'int' to 'float', possible loss of data
  (compiling source file 'Source.cpp')
  
D:\VisualStudio\Files\Tennis\game_engine.cpp(46,45): warning C4244: 'argument': conversion from 'int' to 'float', possible loss of data
  (compiling source file 'Source.cpp')
  
D:\VisualStudio\Files\Tennis\game_engine.cpp(46,42): warning C4244: 'argument': conversion from 'int' to 'float', possible loss of data
  (compiling source file 'Source.cpp')
  
D:\VisualStudio\Files\Tennis\game_engine.cpp(46,29): warning C4244: 'argument': conversion from 'int' to 'float', possible loss of data
  (compiling source file 'Source.cpp')
  
D:\VisualStudio\Files\Tennis\game_engine.cpp(47,64): warning C4244: 'argument': conversion from 'int' to 'float', possible loss of data
  (compiling source file 'Source.cpp')
  
D:\VisualStudio\Files\Tennis\game_engine.cpp(47,58): warning C4244: 'argument': conversion from 'int' to 'float', possible loss of data
  (compiling source file 'Source.cpp')
  
D:\VisualStudio\Files\Tennis\game_engine.cpp(47,29): warning C4244: 'argument': conversion from 'int' to 'float', possible loss of data
  (compiling source file 'Source.cpp')
  
D:\VisualStudio\Files\Tennis\game_engine.cpp(48,40): warning C4244: 'argument': conversion from 'int' to 'float', possible loss of data
  (compiling source file 'Source.cpp')
  
D:\VisualStudio\Files\Tennis\game_engine.cpp(48,37): warning C4244: 'argument': conversion from 'int' to 'float', possible loss of data
  (compiling source file 'Source.cpp')
  
D:\VisualStudio\Files\Tennis\game_engine.cpp(48,29): warning C4244: 'argument': conversion from 'int' to 'float', possible loss of data
  (compiling source file 'Source.cpp')
  
D:\VisualStudio\Files\Tennis\game_engine.cpp(49,27): warning C4244: '-=': conversion from 'float' to 'int', possible loss of data
  (compiling source file 'Source.cpp')
  
D:\VisualStudio\Files\Tennis\game_engine.cpp(53,40): warning C4244: 'argument': conversion from 'int' to 'float', possible loss of data
  (compiling source file 'Source.cpp')
  
D:\VisualStudio\Files\Tennis\game_engine.cpp(53,37): warning C4244: 'argument': conversion from 'int' to 'float', possible loss of data
  (compiling source file 'Source.cpp')
  
D:\VisualStudio\Files\Tennis\game_engine.cpp(53,29): warning C4244: 'argument': conversion from 'int' to 'float', possible loss of data
  (compiling source file 'Source.cpp')
  
D:\VisualStudio\Files\Tennis\game_engine.cpp(54,47): warning C4244: 'argument': conversion from 'int' to 'float', possible loss of data
  (compiling source file 'Source.cpp')
  
D:\VisualStudio\Files\Tennis\game_engine.cpp(54,39): warning C4244: 'argument': conversion from 'int' to 'float', possible loss of data
  (compiling source file 'Source.cpp')
  
D:\VisualStudio\Files\Tennis\game_engine.cpp(54,29): warning C4244: 'argument': conversion from 'int' to 'float', possible loss of data
  (compiling source file 'Source.cpp')
  
D:\VisualStudio\Files\Tennis\game_engine.cpp(55,44): warning C4244: 'argument': conversion from 'int' to 'float', possible loss of data
  (compiling source file 'Source.cpp')
  
D:\VisualStudio\Files\Tennis\game_engine.cpp(55,33): warning C4244: 'argument': conversion from 'int' to 'float', possible loss of data
  (compiling source file 'Source.cpp')
  
D:\VisualStudio\Files\Tennis\game_engine.cpp(55,30): warning C4244: 'argument': conversion from 'int' to 'float', possible loss of data
  (compiling source file 'Source.cpp')
  
D:\VisualStudio\Files\Tennis\game_engine.cpp(55,27): warning C4244: 'argument': conversion from 'int' to 'float', possible loss of data
  (compiling source file 'Source.cpp')
  
D:\VisualStudio\Files\Tennis\game_engine.cpp(56,27): warning C4244: '-=': conversion from 'float' to 'int', possible loss of data
  (compiling source file 'Source.cpp')
  
D:\VisualStudio\Files\Tennis\game_engine.cpp(60,59): warning C4244: 'argument': conversion from 'int' to 'float', possible loss of data
  (compiling source file 'Source.cpp')
  
D:\VisualStudio\Files\Tennis\game_engine.cpp(60,27): warning C4244: 'argument': conversion from 'int' to 'float', possible loss of data
  (compiling source file 'Source.cpp')
  
D:\VisualStudio\Files\Tennis\game_engine.cpp(61,46): warning C4244: 'argument': conversion from 'int' to 'float', possible loss of data
  (compiling source file 'Source.cpp')
  
D:\VisualStudio\Files\Tennis\game_engine.cpp(61,30): warning C4244: 'argument': conversion from 'int' to 'float', possible loss of data
  (compiling source file 'Source.cpp')
  
D:\VisualStudio\Files\Tennis\game_engine.cpp(61,27): warning C4244: 'argument': conversion from 'int' to 'float', possible loss of data
  (compiling source file 'Source.cpp')
  
D:\VisualStudio\Files\Tennis\game_engine.cpp(62,59): warning C4244: 'argument': conversion from 'int' to 'float', possible loss of data
  (compiling source file 'Source.cpp')
  
D:\VisualStudio\Files\Tennis\game_engine.cpp(62,27): warning C4244: 'argument': conversion from 'int' to 'float', possible loss of data
  (compiling source file 'Source.cpp')
  
D:\VisualStudio\Files\Tennis\game_engine.cpp(63,58): warning C4244: 'argument': conversion from 'int' to 'float', possible loss of data
  (compiling source file 'Source.cpp')
  
D:\VisualStudio\Files\Tennis\game_engine.cpp(63,47): warning C4244: 'argument': conversion from 'int' to 'float', possible loss of data
  (compiling source file 'Source.cpp')
  
D:\VisualStudio\Files\Tennis\game_engine.cpp(63,39): warning C4244: 'argument': conversion from 'int' to 'float', possible loss of data
  (compiling source file 'Source.cpp')
  
D:\VisualStudio\Files\Tennis\game_engine.cpp(63,29): warning C4244: 'argument': conversion from 'int' to 'float', possible loss of data
  (compiling source file 'Source.cpp')
  
D:\VisualStudio\Files\Tennis\game_engine.cpp(64,58): warning C4244: 'argument': conversion from 'int' to 'float', possible loss of data
  (compiling source file 'Source.cpp')
  
D:\VisualStudio\Files\Tennis\game_engine.cpp(64,47): warning C4244: 'argument': conversion from 'int' to 'float', possible loss of data
  (compiling source file 'Source.cpp')
  
D:\VisualStudio\Files\Tennis\game_engine.cpp(64,39): warning C4244: 'argument': conversion from 'int' to 'float', possible loss of data
  (compiling source file 'Source.cpp')
  
D:\VisualStudio\Files\Tennis\game_engine.cpp(64,29): warning C4244: 'argument': conversion from 'int' to 'float', possible loss of data
  (compiling source file 'Source.cpp')
  
D:\VisualStudio\Files\Tennis\game_engine.cpp(65,27): warning C4244: '-=': conversion from 'float' to 'int', possible loss of data
  (compiling source file 'Source.cpp')
  
D:\VisualStudio\Files\Tennis\game_engine.cpp(69,64): warning C4244: 'argument': conversion from 'int' to 'float', possible loss of data
  (compiling source file 'Source.cpp')
  
D:\VisualStudio\Files\Tennis\game_engine.cpp(69,58): warning C4244: 'argument': conversion from 'int' to 'float', possible loss of data
  (compiling source file 'Source.cpp')
  
D:\VisualStudio\Files\Tennis\game_engine.cpp(69,29): warning C4244: 'argument': conversion from 'int' to 'float', possible loss of data
  (compiling source file 'Source.cpp')
  
D:\VisualStudio\Files\Tennis\game_engine.cpp(70,51): warning C4244: 'argument': conversion from 'int' to 'float', possible loss of data
  (compiling source file 'Source.cpp')
  
D:\VisualStudio\Files\Tennis\game_engine.cpp(70,45): warning C4244: 'argument': conversion from 'int' to 'float', possible loss of data
  (compiling source file 'Source.cpp')
  
D:\VisualStudio\Files\Tennis\game_engine.cpp(70,42): warning C4244: 'argument': conversion from 'int' to 'float', possible loss of data
  (compiling source file 'Source.cpp')
  
D:\VisualStudio\Files\Tennis\game_engine.cpp(70,29): warning C4244: 'argument': conversion from 'int' to 'float', possible loss of data
  (compiling source file 'Source.cpp')
  
D:\VisualStudio\Files\Tennis\game_engine.cpp(71,64): warning C4244: 'argument': conversion from 'int' to 'float', possible loss of data
  (compiling source file 'Source.cpp')
  
D:\VisualStudio\Files\Tennis\game_engine.cpp(71,58): warning C4244: 'argument': conversion from 'int' to 'float', possible loss of data
  (compiling source file 'Source.cpp')
  
D:\VisualStudio\Files\Tennis\game_engine.cpp(71,29): warning C4244: 'argument': conversion from 'int' to 'float', possible loss of data
  (compiling source file 'Source.cpp')
  
D:\VisualStudio\Files\Tennis\game_engine.cpp(72,40): warning C4244: 'argument': conversion from 'int' to 'float', possible loss of data
  (compiling source file 'Source.cpp')
  
D:\VisualStudio\Files\Tennis\game_engine.cpp(72,37): warning C4244: 'argument': conversion from 'int' to 'float', possible loss of data
  (compiling source file 'Source.cpp')
  
D:\VisualStudio\Files\Tennis\game_engine.cpp(72,29): warning C4244: 'argument': conversion from 'int' to 'float', possible loss of data
  (compiling source file 'Source.cpp')
  
D:\VisualStudio\Files\Tennis\game_engine.cpp(73,58): warning C4244: 'argument': conversion from 'int' to 'float', possible loss of data
  (compiling source file 'Source.cpp')
  
D:\VisualStudio\Files\Tennis\game_engine.cpp(73,47): warning C4244: 'argument': conversion from 'int' to 'float', possible loss of data
  (compiling source file 'Source.cpp')
  
D:\VisualStudio\Files\Tennis\game_engine.cpp(73,39): warning C4244: 'argument': conversion from 'int' to 'float', possible loss of data
  (compiling source file 'Source.cpp')
  
D:\VisualStudio\Files\Tennis\game_engine.cpp(73,29): warning C4244: 'argument': conversion from 'int' to 'float', possible loss of data
  (compiling source file 'Source.cpp')
  
D:\VisualStudio\Files\Tennis\game_engine.cpp(74,27): warning C4244: '-=': conversion from 'float' to 'int', possible loss of data
  (compiling source file 'Source.cpp')
  
D:\VisualStudio\Files\Tennis\game_engine.cpp(78,40): warning C4244: 'argument': conversion from 'int' to 'float', possible loss of data
  (compiling source file 'Source.cpp')
  
D:\VisualStudio\Files\Tennis\game_engine.cpp(78,37): warning C4244: 'argument': conversion from 'int' to 'float', possible loss of data
  (compiling source file 'Source.cpp')
  
D:\VisualStudio\Files\Tennis\game_engine.cpp(78,29): warning C4244: 'argument': conversion from 'int' to 'float', possible loss of data
  (compiling source file 'Source.cpp')
  
D:\VisualStudio\Files\Tennis\game_engine.cpp(79,64): warning C4244: 'argument': conversion from 'int' to 'float', possible loss of data
  (compiling source file 'Source.cpp')
  
D:\VisualStudio\Files\Tennis\game_engine.cpp(79,58): warning C4244: 'argument': conversion from 'int' to 'float', possible loss of data
  (compiling source file 'Source.cpp')
  
D:\VisualStudio\Files\Tennis\game_engine.cpp(79,29): warning C4244: 'argument': conversion from 'int' to 'float', possible loss of data
  (compiling source file 'Source.cpp')
  
D:\VisualStudio\Files\Tennis\game_engine.cpp(80,27): warning C4244: '-=': conversion from 'float' to 'int', possible loss of data
  (compiling source file 'Source.cpp')
  
D:\VisualStudio\Files\Tennis\game_engine.cpp(84,40): warning C4244: 'argument': conversion from 'int' to 'float', possible loss of data
  (compiling source file 'Source.cpp')
  
D:\VisualStudio\Files\Tennis\game_engine.cpp(84,37): warning C4244: 'argument': conversion from 'int' to 'float', possible loss of data
  (compiling source file 'Source.cpp')
  
D:\VisualStudio\Files\Tennis\game_engine.cpp(84,29): warning C4244: 'argument': conversion from 'int' to 'float', possible loss of data
  (compiling source file 'Source.cpp')
  
D:\VisualStudio\Files\Tennis\game_engine.cpp(85,40): warning C4244: 'argument': conversion from 'int' to 'float', possible loss of data
  (compiling source file 'Source.cpp')
  
D:\VisualStudio\Files\Tennis\game_engine.cpp(85,37): warning C4244: 'argument': conversion from 'int' to 'float', possible loss of data
  (compiling source file 'Source.cpp')
  
D:\VisualStudio\Files\Tennis\game_engine.cpp(85,29): warning C4244: 'argument': conversion from 'int' to 'float', possible loss of data
  (compiling source file 'Source.cpp')
  
D:\VisualStudio\Files\Tennis\game_engine.cpp(86,57): warning C4244: 'argument': conversion from 'int' to 'float', possible loss of data
  (compiling source file 'Source.cpp')
  
D:\VisualStudio\Files\Tennis\game_engine.cpp(86,46): warning C4244: 'argument': conversion from 'int' to 'float', possible loss of data
  (compiling source file 'Source.cpp')
  
D:\VisualStudio\Files\Tennis\game_engine.cpp(86,27): warning C4244: 'argument': conversion from 'int' to 'float', possible loss of data
  (compiling source file 'Source.cpp')
  
D:\VisualStudio\Files\Tennis\game_engine.cpp(87,57): warning C4244: 'argument': conversion from 'int' to 'float', possible loss of data
  (compiling source file 'Source.cpp')
  
D:\VisualStudio\Files\Tennis\game_engine.cpp(87,46): warning C4244: 'argument': conversion from 'int' to 'float', possible loss of data
  (compiling source file 'Source.cpp')
  
D:\VisualStudio\Files\Tennis\game_engine.cpp(87,27): warning C4244: 'argument': conversion from 'int' to 'float', possible loss of data
  (compiling source file 'Source.cpp')
  
D:\VisualStudio\Files\Tennis\game_engine.cpp(88,44): warning C4244: 'argument': conversion from 'int' to 'float', possible loss of data
  (compiling source file 'Source.cpp')
  
D:\VisualStudio\Files\Tennis\game_engine.cpp(88,33): warning C4244: 'argument': conversion from 'int' to 'float', possible loss of data
  (compiling source file 'Source.cpp')
  
D:\VisualStudio\Files\Tennis\game_engine.cpp(88,30): warning C4244: 'argument': conversion from 'int' to 'float', possible loss of data
  (compiling source file 'Source.cpp')
  
D:\VisualStudio\Files\Tennis\game_engine.cpp(88,27): warning C4244: 'argument': conversion from 'int' to 'float', possible loss of data
  (compiling source file 'Source.cpp')
  
D:\VisualStudio\Files\Tennis\game_engine.cpp(89,27): warning C4244: '-=': conversion from 'float' to 'int', possible loss of data
  (compiling source file 'Source.cpp')
  
D:\VisualStudio\Files\Tennis\game_engine.cpp(93,64): warning C4244: 'argument': conversion from 'int' to 'float', possible loss of data
  (compiling source file 'Source.cpp')
  
D:\VisualStudio\Files\Tennis\game_engine.cpp(93,58): warning C4244: 'argument': conversion from 'int' to 'float', possible loss of data
  (compiling source file 'Source.cpp')
  
D:\VisualStudio\Files\Tennis\game_engine.cpp(93,29): warning C4244: 'argument': conversion from 'int' to 'float', possible loss of data
  (compiling source file 'Source.cpp')
  
D:\VisualStudio\Files\Tennis\game_engine.cpp(94,51): warning C4244: 'argument': conversion from 'int' to 'float', possible loss of data
  (compiling source file 'Source.cpp')
  
D:\VisualStudio\Files\Tennis\game_engine.cpp(94,45): warning C4244: 'argument': conversion from 'int' to 'float', possible loss of data
  (compiling source file 'Source.cpp')
  
D:\VisualStudio\Files\Tennis\game_engine.cpp(94,42): warning C4244: 'argument': conversion from 'int' to 'float', possible loss of data
  (compiling source file 'Source.cpp')
  
D:\VisualStudio\Files\Tennis\game_engine.cpp(94,29): warning C4244: 'argument': conversion from 'int' to 'float', possible loss of data
  (compiling source file 'Source.cpp')
  
D:\VisualStudio\Files\Tennis\game_engine.cpp(95,64): warning C4244: 'argument': conversion from 'int' to 'float', possible loss of data
  (compiling source file 'Source.cpp')
  
D:\VisualStudio\Files\Tennis\game_engine.cpp(95,58): warning C4244: 'argument': conversion from 'int' to 'float', possible loss of data
  (compiling source file 'Source.cpp')
  
D:\VisualStudio\Files\Tennis\game_engine.cpp(95,29): warning C4244: 'argument': conversion from 'int' to 'float', possible loss of data
  (compiling source file 'Source.cpp')
  
D:\VisualStudio\Files\Tennis\game_engine.cpp(96,40): warning C4244: 'argument': conversion from 'int' to 'float', possible loss of data
  (compiling source file 'Source.cpp')
  
D:\VisualStudio\Files\Tennis\game_engine.cpp(96,37): warning C4244: 'argument': conversion from 'int' to 'float', possible loss of data
  (compiling source file 'Source.cpp')
  
D:\VisualStudio\Files\Tennis\game_engine.cpp(96,29): warning C4244: 'argument': conversion from 'int' to 'float', possible loss of data
  (compiling source file 'Source.cpp')
  
D:\VisualStudio\Files\Tennis\game_engine.cpp(97,58): warning C4244: 'argument': conversion from 'int' to 'float', possible loss of data
  (compiling source file 'Source.cpp')
  
D:\VisualStudio\Files\Tennis\game_engine.cpp(97,47): warning C4244: 'argument': conversion from 'int' to 'float', possible loss of data
  (compiling source file 'Source.cpp')
  
D:\VisualStudio\Files\Tennis\game_engine.cpp(97,39): warning C4244: 'argument': conversion from 'int' to 'float', possible loss of data
  (compiling source file 'Source.cpp')
  
D:\VisualStudio\Files\Tennis\game_engine.cpp(97,29): warning C4244: 'argument': conversion from 'int' to 'float', possible loss of data
  (compiling source file 'Source.cpp')
  
D:\VisualStudio\Files\Tennis\game_engine.cpp(98,27): warning C4244: '-=': conversion from 'float' to 'int', possible loss of data
  (compiling source file 'Source.cpp')
  
D:\VisualStudio\Files\Tennis\game_engine.cpp(109,24): warning C4244: '=': conversion from 'double' to 'float', possible loss of data
  (compiling source file 'Source.cpp')
  
D:\VisualStudio\Files\Tennis\game_engine.cpp(110,21): warning C4244: '=': conversion from 'double' to 'float', possible loss of data
  (compiling source file 'Source.cpp')
  
D:\VisualStudio\Files\Tennis\game_engine.cpp(141,40): warning C4244: '+=': conversion from 'double' to 'float', possible loss of data
  (compiling source file 'Source.cpp')
  
D:\VisualStudio\Files\Tennis\game_engine.cpp(145,32): warning C4244: '+=': conversion from 'double' to 'float', possible loss of data
  (compiling source file 'Source.cpp')
  
D:\VisualStudio\Files\Tennis\game_engine.cpp(210,131): warning C4244: 'argument': conversion from 'double' to 'int', possible loss of data
  (compiling source file 'Source.cpp')
  
D:\VisualStudio\Files\Tennis\game_engine.cpp(210,100): warning C4244: 'argument': conversion from 'double' to 'int', possible loss of data
  (compiling source file 'Source.cpp')
  
D:\VisualStudio\Files\Tennis\game_engine.cpp(210,70): warning C4244: 'argument': conversion from 'double' to 'int', possible loss of data
  (compiling source file 'Source.cpp')
  
D:\VisualStudio\Files\Tennis\game_engine.cpp(210,39): warning C4244: 'argument': conversion from 'double' to 'int', possible loss of data
  (compiling source file 'Source.cpp')
  
D:\VisualStudio\Files\Tennis\game_engine.cpp(211,130): warning C4244: 'argument': conversion from 'double' to 'int', possible loss of data
  (compiling source file 'Source.cpp')
  
D:\VisualStudio\Files\Tennis\game_engine.cpp(211,98): warning C4244: 'argument': conversion from 'double' to 'int', possible loss of data
  (compiling source file 'Source.cpp')
  
D:\VisualStudio\Files\Tennis\game_engine.cpp(211,67): warning C4244: 'argument': conversion from 'double' to 'int', possible loss of data
  (compiling source file 'Source.cpp')
  
D:\VisualStudio\Files\Tennis\game_engine.cpp(211,36): warning C4244: 'argument': conversion from 'double' to 'int', possible loss of data
  (compiling source file 'Source.cpp')
  
  Generating code
  Previous IPDB not found, fall back to full compilation.
  All 8 functions were compiled because no usable IPDB/IOBJ from previous compilation was found.
  Finished generating code
  Tennis.vcxproj -> D:\VisualStudio\Files\Tennis\x64\Release\Tennis.exe
